2023-10-03 13:59:26,435 - INFO - Connected to Wi-Fi.
2023-10-03 13:59:26,435 - INFO - Starting health check at 13:59:26
2023-10-03 13:59:27,037 - INFO - Endpoint https://scanbandz.com is up! Response Time: 0.60s
2023-10-03 13:59:27,043 - INFO - Finished health check at 13:59:27
2023-10-03 14:02:27,070 - INFO - Connected to Wi-Fi.
2023-10-03 14:02:27,071 - INFO - Starting health check at 14:02:27
2023-10-03 14:02:27,752 - INFO - Endpoint https://scanbandz.com is up! Response Time: 0.68s
2023-10-03 14:02:27,759 - INFO - Finished health check at 14:02:27
2023-10-03 14:39:37,541 - INFO - Connected to Wi-Fi.
2023-10-03 14:39:37,541 - INFO - Starting health check at 14:39:37
2023-10-03 14:39:39,096 - INFO - Endpoint https://scanbandz.com is up! Response Time: 1.55s
2023-10-03 14:39:39,102 - INFO - Finished health check at 14:39:39
2023-10-03 14:42:34,251 - INFO - Connected to Wi-Fi.
2023-10-03 14:42:34,251 - INFO - Starting health check at 14:42:34
2023-10-03 14:43:00,190 - INFO - Connected to Wi-Fi.
2023-10-03 14:43:00,190 - INFO - Starting health check at 14:43:00
2023-10-03 14:43:01,818 - ERROR - Endpoint https://scanbandz.com is up but slow with a response time of 1.63 seconds!
2023-10-03 14:43:01,824 - INFO - Finished health check at 14:43:01
2023-10-03 14:47:59,071 - INFO - Connected to Wi-Fi.
2023-10-03 14:47:59,072 - INFO - Starting health check at 14:47:59
2023-10-03 14:47:59,824 - ERROR - Endpoint https://scanbandz.com is up but slow with a response time of 0.75 seconds!
2023-10-03 14:47:59,831 - INFO - Finished health check at 14:47:59
2023-10-03 15:11:01,288 - INFO - Connected to Wi-Fi.
2023-10-03 15:11:01,288 - INFO - Starting health check at 15:11:01
2023-10-03 15:11:02,197 - ERROR - Endpoint https://scanbandz.com is up but slow with a response time of 0.91 seconds!
2023-10-03 15:11:02,199 - INFO - Finished health check at 15:11:02
2023-10-03 15:13:18,741 - INFO - Connected to Wi-Fi.
2023-10-03 15:13:18,741 - INFO - Starting health check at 15:13:18
2023-10-03 15:13:19,499 - INFO - Endpoint https://scanbandz.com is up with a response time of 0.76 seconds!
2023-10-03 15:13:19,504 - INFO - Finished health check at 15:13:19
2023-10-03 15:16:19,530 - INFO - Connected to Wi-Fi.
2023-10-03 15:16:19,531 - INFO - Starting health check at 15:16:19
2023-10-03 15:16:20,288 - INFO - Endpoint https://scanbandz.com is up with a response time of 0.76 seconds!
2023-10-03 15:16:20,293 - INFO - Finished health check at 15:16:20
2023-10-03 15:19:20,327 - INFO - Connected to Wi-Fi.
2023-10-03 15:19:20,328 - INFO - Starting health check at 15:19:20
2023-10-03 15:19:21,101 - INFO - Endpoint https://scanbandz.com is up with a response time of 0.77 seconds!
2023-10-03 15:19:21,107 - INFO - Finished health check at 15:19:21
2023-10-03 15:22:21,144 - INFO - Connected to Wi-Fi.
2023-10-03 15:22:21,144 - INFO - Starting health check at 15:22:21
2023-10-03 15:22:21,923 - INFO - Endpoint https://scanbandz.com is up with a response time of 0.78 seconds!
2023-10-03 15:22:21,927 - INFO - Finished health check at 15:22:21
